[2019-11-25 20:17:47,683] [Fast AutoAugment] [INFO] configuration...
[2019-11-25 20:17:47,684] [Fast AutoAugment] [INFO] {
    "_timestamp": "2019/11/25 20:17:47",
    "_version": 1,
    "aug": "fa_reduced_cifar10",
    "batch": 512,
    "config": "../../confs/wresnet40x2_cifar10_b512.yaml",
    "cutout": 16,
    "cv": {
        "ratio": 0.4
    },
    "dataroot": "/data/private/pretrainedmodels",
    "dataset": "cifar10",
    "decay": -1,
    "epoch": 200,
    "lr": 0.1,
    "lr_schedule": {
        "type": "cosine",
        "warmup": {
            "epoch": 5,
            "multiplier": 4
        }
    },
    "model": {
        "type": "wresnet40_2"
    },
    "num": {
        "op": 2,
        "policy": 5,
        "search": 200
    },
    "optimizer": {
        "decay": 0.0002,
        "nesterov": true,
        "type": "sgd"
    },
    "per": {
        "class": false
    },
    "redis": "gpu-cloud-vnode30.dakao.io:23655",
    "resume": false,
    "smoke": {
        "test": false
    },
    "until": 5
}
[2019-11-25 20:17:47,684] [Fast AutoAugment] [INFO] initialize ray...
